[     145ms] [ERROR] Mixed Content: The page at 'https://www.powerball.com/' was loaded over HTTPS, but requested an insecure frame 'http://sync.pmbmonetize.live/psync?t=s&e=247&gdpr=&gdpr_consent=&us_privacy=&gpp=&gpp_sid=&cb=https%3A%2F%2Fcookies.nextmillmedia.com%2Fsetuid%3Fbidder%3Dadipolo%26nmuid%3D%26gdpr%3D%26gdpr_consent%3D%26us_privacy%3D%26uid%3D%25USER_ID%25'. This request has been blocked; the content must be served over HTTPS. @ https://cookies.nextmillmedia.com/sync?redirect=https%3A%2F%2Fsync.adkernel.com%2Fuser-sync%3Fzone%3D308936%26dsp%3D830598%26t%3Diframe%26uid%3D%5BNMUID%5D:40
[     405ms] [ERROR] Failed to load resource: the server responded with a status of 503 () @ https://cookies.nextmillmedia.com/setuid?bidder=openx&nmuid=&gdpr=&gdpr_consent=&us_privacy=&uid=0ec5cff4-e1e9-4231-9b92-3e2f61b945f8:0
[   -2508ms] [ERROR] Failed to load resource: net::ERR_NAME_NOT_RESOLVED @ https://dps.jp.cinarra.com/pxd?PLATFORM_ID=1&USER_ID=51a9dd3b-46a3-8b94-fa16-4c6e737e388b:0
[   -2499ms] [ERROR] Failed to load resource: net::ERR_NAME_NOT_RESOLVED @ https://match.rundsp.com/redirect?ex=openx:0
[   -2498ms] [ERROR] Failed to load resource: net::ERR_NAME_NOT_RESOLVED @ https://dps.jp.cinarra.com/pxd?PLATFORM_ID=1&USER_ID=51a9dd3b-46a3-8b94-fa16-4c6e737e388b:0
[    -609ms] [ERROR] Failed to load resource: net::ERR_NAME_NOT_RESOLVED @ https://match.rundsp.com/redirect?ex=openx:0
[    -544ms] [ERROR] Failed to load resource: net::ERR_CONNECTION_REFUSED @ https://cs.nex8.net/cs/openx:0
[    -287ms] [ERROR] Failed to load resource: net::ERR_CONNECTION_REFUSED @ https://cs.nex8.net/cs/openx:0
[     724ms] [ERROR] Failed to load resource: net::ERR_NAME_NOT_RESOLVED @ https://j.mrpdata.net/c.html?ex=OpenX:0
[     145ms] [ERROR] Mixed Content: The page at 'https://www.powerball.com/' was loaded over HTTPS, but requested an insecure frame 'http://sync.pmbmonetize.live/psync?t=s&e=247&gdpr=&gdpr_consent=&us_privacy=&gpp=&gpp_sid=&cb=https%3A%2F%2Fcookies.nextmillmedia.com%2Fsetuid%3Fbidder%3Dadipolo%26nmuid%3D%26gdpr%3D%26gdpr_consent%3D%26us_privacy%3D%26uid%3D%25USER_ID%25'. This request has been blocked; the content must be served over HTTPS. @ https://cookies.nextmillmedia.com/sync?redirect=https%3A%2F%2Fsync.adkernel.com%2Fuser-sync%3Fzone%3D308936%26dsp%3D830598%26t%3Diframe%26uid%3D%5BNMUID%5D:40
[     405ms] [ERROR] Failed to load resource: the server responded with a status of 503 () @ https://cookies.nextmillmedia.com/setuid?bidder=openx&nmuid=&gdpr=&gdpr_consent=&us_privacy=&uid=0ec5cff4-e1e9-4231-9b92-3e2f61b945f8:0
[   -2508ms] [ERROR] Failed to load resource: net::ERR_NAME_NOT_RESOLVED @ https://dps.jp.cinarra.com/pxd?PLATFORM_ID=1&USER_ID=51a9dd3b-46a3-8b94-fa16-4c6e737e388b:0
[   -2499ms] [ERROR] Failed to load resource: net::ERR_NAME_NOT_RESOLVED @ https://match.rundsp.com/redirect?ex=openx:0
[   -2498ms] [ERROR] Failed to load resource: net::ERR_NAME_NOT_RESOLVED @ https://dps.jp.cinarra.com/pxd?PLATFORM_ID=1&USER_ID=51a9dd3b-46a3-8b94-fa16-4c6e737e388b:0
[    -609ms] [ERROR] Failed to load resource: net::ERR_NAME_NOT_RESOLVED @ https://match.rundsp.com/redirect?ex=openx:0
[    -544ms] [ERROR] Failed to load resource: net::ERR_CONNECTION_REFUSED @ https://cs.nex8.net/cs/openx:0
[    -287ms] [ERROR] Failed to load resource: net::ERR_CONNECTION_REFUSED @ https://cs.nex8.net/cs/openx:0
[     724ms] [ERROR] Failed to load resource: net::ERR_NAME_NOT_RESOLVED @ https://j.mrpdata.net/c.html?ex=OpenX:0
[   -2508ms] [ERROR] Failed to load resource: net::ERR_NAME_NOT_RESOLVED @ https://dps.jp.cinarra.com/pxd?PLATFORM_ID=1&USER_ID=51a9dd3b-46a3-8b94-fa16-4c6e737e388b:0
[   -2499ms] [ERROR] Failed to load resource: net::ERR_NAME_NOT_RESOLVED @ https://match.rundsp.com/redirect?ex=openx:0
[   -2498ms] [ERROR] Failed to load resource: net::ERR_NAME_NOT_RESOLVED @ https://dps.jp.cinarra.com/pxd?PLATFORM_ID=1&USER_ID=51a9dd3b-46a3-8b94-fa16-4c6e737e388b:0
[    -609ms] [ERROR] Failed to load resource: net::ERR_NAME_NOT_RESOLVED @ https://match.rundsp.com/redirect?ex=openx:0
[    -544ms] [ERROR] Failed to load resource: net::ERR_CONNECTION_REFUSED @ https://cs.nex8.net/cs/openx:0
[    -287ms] [ERROR] Failed to load resource: net::ERR_CONNECTION_REFUSED @ https://cs.nex8.net/cs/openx:0
[     724ms] [ERROR] Failed to load resource: net::ERR_NAME_NOT_RESOLVED @ https://j.mrpdata.net/c.html?ex=OpenX:0
[     917ms] [ERROR] Permissions policy violation: picture-in-picture is not allowed in this document. @ https://usync.ingage.tech/cdn-cgi/challenge-platform/scripts/jsd/main.js:0
[     931ms] [ERROR] Failed to load resource: the server responded with a status of 400 (Bad Request) @ https://cpm.vistarsagency.com/user-sync?zone=297502&t=image&r=https%3A%2F%2Fprebid.admatic.de%2Fsetuid%3Fbidder%3Dvistar%26gdpr%3D%26gdpr_consent%3D%26f%3Di%26uid%3D%7BUID%7D:0
[     931ms] [ERROR] Failed to load resource: the server responded with a status of 400 (Bad Request) @ https://cpm.vistarsagency.com/user-sync?zone=297502&t=image&r=https%3A%2F%2Fprebid.admatic.de%2Fsetuid%3Fbidder%3Dvistar%26gdpr%3D%26gdpr_consent%3D%26f%3Di%26uid%3D%7BUID%7D:0
[   -2508ms] [ERROR] Failed to load resource: net::ERR_NAME_NOT_RESOLVED @ https://dps.jp.cinarra.com/pxd?PLATFORM_ID=1&USER_ID=51a9dd3b-46a3-8b94-fa16-4c6e737e388b:0
[   -2499ms] [ERROR] Failed to load resource: net::ERR_NAME_NOT_RESOLVED @ https://match.rundsp.com/redirect?ex=openx:0
[   -2498ms] [ERROR] Failed to load resource: net::ERR_NAME_NOT_RESOLVED @ https://dps.jp.cinarra.com/pxd?PLATFORM_ID=1&USER_ID=51a9dd3b-46a3-8b94-fa16-4c6e737e388b:0
[    -609ms] [ERROR] Failed to load resource: net::ERR_NAME_NOT_RESOLVED @ https://match.rundsp.com/redirect?ex=openx:0
[    -544ms] [ERROR] Failed to load resource: net::ERR_CONNECTION_REFUSED @ https://cs.nex8.net/cs/openx:0
[    -287ms] [ERROR] Failed to load resource: net::ERR_CONNECTION_REFUSED @ https://cs.nex8.net/cs/openx:0
[     724ms] [ERROR] Failed to load resource: net::ERR_NAME_NOT_RESOLVED @ https://j.mrpdata.net/c.html?ex=OpenX:0
[    1250ms] [ERROR] Failed to load resource: the server responded with a status of 400 (Bad Request) @ https://cpm.vistarsagency.com/user-sync?zone=297502&t=image&r=https%3A%2F%2Fprebid.admatic.de%2Fsetuid%3Fbidder%3Dvistar%26gdpr%3D%26gdpr_consent%3D%26f%3Di%26uid%3D%7BUID%7D:0
[    3952ms] [ERROR] Failed to load resource: the server responded with a status of 404 () @ https://x.bidswitch.net/sync?ssp=sekindo&gdpr=0&gdpr_consent=:0
[    4021ms] [ERROR] Failed to load resource: the server responded with a status of 451 () @ https://api.rlcdn.com/api/identity/envelope?pid=34:0
[    4605ms] [ERROR] Failed to load resource: the server responded with a status of 410 (Gone) @ https://ads.stickyadstv.com/user-matching?id=3586&gdpr=0&gdpr_consent=:0
[    5423ms] [ERROR] Failed to load resource: net::ERR_NAME_NOT_RESOLVED @ https://pixel-us-apac.rubiconproject.com/exchange/sync.php?p=yieldmo&us_privacy=:0
[    5423ms] [ERROR] Failed to load resource: net::ERR_NAME_NOT_RESOLVED @ https://pixel-us-apac.rubiconproject.com/exchange/sync.php?p=yieldmo&us_privacy=:0
[    5508ms] [ERROR] Failed to load resource: net::ERR_NAME_NOT_RESOLVED @ https://pixel-us-apac.rubiconproject.com/exchange/sync.php?p=yieldmo&us_privacy=:0
[    5754ms] [ERROR] Failed to load resource: the server responded with a status of 400 () @ https://match.prod.bidr.io/cookie-sync/see:0
[    5976ms] [ERROR] Attestation check for Shared Storage on https://www.googleadservices.com failed. @ https://www.googleadservices.com/pagead/managed/js/activeview/current/reach_worklet.html:0
[    6207ms] [ERROR] Failed to load resource: the server responded with a status of 503 () @ https://csync.loopme.me/?pubid=11712&gdpr=0&gdpr_consent=&redirect=https%3A%2F%2Fs.seedtag.com%2Fcs%2Fcookiesync%2Floopme%3Fchanneluid%3D%7Bviewer_token%7D:0
[    7186ms] [ERROR] Mixed Content: The page at 'https://www.megamillions.com/' was loaded over HTTPS, but requested an insecure frame 'http://sync.pmbmonetize.live/psync?t=s&e=247&gdpr=&gdpr_consent=&us_privacy=&gpp=&gpp_sid=&cb=https%3A%2F%2Fcookies.nextmillmedia.com%2Fsetuid%3Fbidder%3Dadipolo%26nmuid%3D88f1a1f6-533e-4864-867d-7124ff7fc8b3%26gdpr%3D%26gdpr_consent%3D%26us_privacy%3D%26uid%3D%25USER_ID%25'. This request has been blocked; the content must be served over HTTPS. @ https://cookies.nextmillmedia.com/sync?redirect=https%3A%2F%2Fsync.adkernel.com%2Fuser-sync%3Fzone%3D338420%26dsp%3D836447%26t%3Diframe%26uid%3D%5BNMUID%5D:40
[    7186ms] [ERROR] Mixed Content: The page at 'https://www.megamillions.com/' was loaded over HTTPS, but requested an insecure frame 'http://sync.pmbmonetize.live/psync?t=s&e=247&gdpr=&gdpr_consent=&us_privacy=&gpp=&gpp_sid=&cb=https%3A%2F%2Fcookies.nextmillmedia.com%2Fsetuid%3Fbidder%3Dadipolo%26nmuid%3D88f1a1f6-533e-4864-867d-7124ff7fc8b3%26gdpr%3D%26gdpr_consent%3D%26us_privacy%3D%26uid%3D%25USER_ID%25'. This request has been blocked; the content must be served over HTTPS. @ https://cookies.nextmillmedia.com/sync?redirect=https%3A%2F%2Fsync.adkernel.com%2Fuser-sync%3Fzone%3D338420%26dsp%3D836447%26t%3Diframe%26uid%3D%5BNMUID%5D:40
[    7186ms] [ERROR] Mixed Content: The page at 'https://www.megamillions.com/' was loaded over HTTPS, but requested an insecure frame 'http://sync.pmbmonetize.live/psync?t=s&e=247&gdpr=&gdpr_consent=&us_privacy=&gpp=&gpp_sid=&cb=https%3A%2F%2Fcookies.nextmillmedia.com%2Fsetuid%3Fbidder%3Dadipolo%26nmuid%3D88f1a1f6-533e-4864-867d-7124ff7fc8b3%26gdpr%3D%26gdpr_consent%3D%26us_privacy%3D%26uid%3D%25USER_ID%25'. This request has been blocked; the content must be served over HTTPS. @ https://cookies.nextmillmedia.com/sync?redirect=https%3A%2F%2Fsync.adkernel.com%2Fuser-sync%3Fzone%3D338420%26dsp%3D836447%26t%3Diframe%26uid%3D%5BNMUID%5D:40
[    7916ms] [ERROR] Failed to load resource: the server responded with a status of 503 () @ https://cookies.nextmillmedia.com/sync?gdpr=&gdpr_consent=&us_privacy=&redirect=https%3A%2F%2Fsync.cootlogix.com%2Fapi%2Fcookie%3FpartnerId%3Dnextmillmedia%26userId%3D%5BNMUID%5D%26gdpr%3D%26gdpr_consent%3D%26us_privacy%3D:0
[    7930ms] [ERROR] Failed to load resource: the server responded with a status of 503 () @ https://cookies.nextmillmedia.com/setuid?bidder=smartadserver&nmuid=88f1a1f6-533e-4864-867d-7124ff7fc8b3&gdpr=&gdpr_consent=&us_privacy=&uid=3347743608674192200:0
[    9275ms] [ERROR] Failed to load resource: the server responded with a status of 400 (Bad Request) @ https://cpm.vistarsagency.com/user-sync?zone=297502&t=image&r=https%3A%2F%2Fprebid.admatic.de%2Fsetuid%3Fbidder%3Dvistar%26gdpr%3D%26gdpr_consent%3D%26f%3Di%26uid%3D%7BUID%7D:0
[    9472ms] [ERROR] Failed to load resource: net::ERR_CONNECTION_RESET @ https://sync.colossusssp.com/pbs.gif?&redir=https%3A%2F%2Fsync.adkernel.com%2Fuser-sync%3Fzone%3D263117%26dsp%3D1061476%26t%3Dimage%26uid%3D%5BUID%5D:0
[    9484ms] [ERROR] Failed to load resource: the server responded with a status of 400 () @ https://ssum-sec.casalemedia.com/usermatch?s=194558&cb=https%3A%2F%2Fu-ams.4dex.io%2Fsetuid%3Fbidder%3Dindexexchange%26it%3Dortb%26uid%3D:0
[   16850ms] [ERROR] Failed to load resource: the server responded with a status of 502 () @ chrome-error://chromewebdata/:0
[   16854ms] [ERROR] Refused to display 'https://cs.ingage.tech/' in a frame because it set 'X-Frame-Options' to 'sameorigin'. @ chrome-error://chromewebdata/:0
